2024-03-21 13:17:00: Error importing row 1: ORA-01843: not a valid month

2024-03-21 13:17:00: Error importing row 2: ORA-01843: not a valid month

2024-03-21 13:17:00: Error importing row 3: ORA-01847: day of month must be between 1 and last day of month

2024-03-21 13:20:05: Error importing row 1: ORA-01843: not a valid month

2024-03-21 13:20:06: Error importing row 2: ORA-01843: not a valid month

2024-03-21 13:20:06: Error importing row 3: ORA-01847: day of month must be between 1 and last day of month

2024-03-21 13:22:17: Error importing row 1: ORA-01843: not a valid month

2024-03-21 13:22:17: Error importing row 2: ORA-01843: not a valid month

2024-03-21 13:22:18: Error importing row 3: ORA-01847: day of month must be between 1 and last day of month

2024-03-21 13:28:52: Error importing row 1: ORA-01843: not a valid month

2024-03-21 13:28:52: Error importing row 2: ORA-01843: not a valid month

2024-03-21 13:28:53: Error importing row 3: ORA-01847: day of month must be between 1 and last day of month

2024-03-21 13:32:19: Error importing row 1: ORA-01843: not a valid month

2024-03-21 13:32:20: Error importing row 2: ORA-01843: not a valid month

2024-03-21 13:32:20: Error importing row 3: ORA-01847: day of month must be between 1 and last day of month

2024-03-21 13:33:41: Error importing row 1: ORA-01843: not a valid month

2024-03-21 13:33:42: Error importing row 2: ORA-01843: not a valid month

2024-03-21 13:33:42: Error importing row 3: ORA-01847: day of month must be between 1 and last day of month

2024-03-21 13:34:00: Error importing row 1: ORA-01843: not a valid month

2024-03-21 13:34:01: Error importing row 2: ORA-01843: not a valid month

2024-03-21 13:34:01: Error importing row 3: ORA-01847: day of month must be between 1 and last day of month

2024-03-21 13:34:36: Error importing row 1: ORA-01843: not a valid month

2024-03-21 13:34:36: Error importing row 2: ORA-01843: not a valid month

2024-03-21 13:34:37: Error importing row 3: ORA-01847: day of month must be between 1 and last day of month

2024-03-21 13:35:16: Error importing row 1: ORA-01843: not a valid month

2024-03-21 13:35:17: Error importing row 2: ORA-01843: not a valid month

2024-03-21 13:35:17: Error importing row 3: ORA-01847: day of month must be between 1 and last day of month

2024-03-21 15:25:28: Error importing row 1: ORA-01843: not a valid month

2024-03-21 15:25:28: Error importing row 2: ORA-01843: not a valid month

2024-03-21 15:25:33: Error importing row 3: ORA-01847: day of month must be between 1 and last day of month

2024-03-21 15:47:19: Error importing row 1: ORA-01843: not a valid month

2024-03-21 15:47:20: Error importing row 2: ORA-01843: not a valid month

2024-03-21 15:47:20: Error importing row 3: ORA-01847: day of month must be between 1 and last day of month

2024-03-21 16:08:31: Error importing row 1: ORA-01843: not a valid month

2024-03-21 16:08:32: Error importing row 2: ORA-01843: not a valid month

2024-03-21 16:08:32: Error importing row 3: ORA-01847: day of month must be between 1 and last day of month

2024-03-22 09:00:47: Error: Required field is missing in row 1
2024-03-22 09:01:57: Error: Required field is missing in row 1
2024-08-23 08:59:42: Save Settings : C:\Users\CIMT-North\Documents
2024-08-23 08:59:42: Error logging SaveSettings success: Provider is not defined
